<?xml version="1.0" encoding="UTF-8"?>
<!-- Generated by org.testng.reporters.JUnitXMLReporter -->
<testsuite ignored="1" hostname="DESKTOP-LLLGMOJ" failures="2" tests="23" name="Test" time="46.665" errors="0" timestamp="2024-10-20T16:54:24 IST">
  <testcase classname="day8.testngBasic.Example2" name="testActitimeCheckBox" time="8.15"/>
  <testcase classname="day8.testngBasic.Example2" name="testActitimeLoginUsernameField" time="6.53"/>
  <testcase classname="day8.testngBasic.Example2" name="testActitimeLoginWithAssert" time="6.627">
    <failure type="java.lang.AssertionError" message="Login failed due to page title changed or invalid user expected [actiTIME - Enter Time-Track] but found [actiTIME - Login]">
      <![CDATA[java.lang.AssertionError: Login failed due to page title changed or invalid user expected [actiTIME - Enter Time-Track] but found [actiTIME - Login]
at day8.testngBasic.Example2.testActitimeLoginWithAssert(Example2.java:32)
at java.base/java.util.ArrayList.forEach(ArrayList.java:1511)
... Removed 32 stack frames]]>
    </failure>
  </testcase> <!-- testActitimeLoginWithAssert -->
  <testcase classname="day8.testngBasic.Example2" name="testActitimeLoginWithAssert2" time="11.396"/>
  <testcase classname="day8.testngBasic.Example2" name="testActitimeLoginWithoutAssert" time="7.757"/>
  <testcase classname="day8.testngBasic.Example1" name="testGoogle" time="5.896"/>
  <testcase classname="day8.testngBasic.Sample2" name="testCase1" time="0.006"/>
  <testcase classname="day8.testngBasic.Sample2" name="testCase2" time="0.005"/>
  <testcase classname="day8.testngBasic.Sample2" name="testCase3" time="0.001"/>
  <testcase classname="day8.testngBasic.Sample1" name="testCase1" time="0.008"/>
  <testcase classname="day8.testngBasic.Sample4" name="testCase2" time="0.002"/>
  <testcase classname="day8.testngBasic.Sample4" name="testCase1" time="0.012"/>
  <testcase classname="day8.testngBasic.Sample4" name="testCase1" time="0.002"/>
  <testcase classname="day8.testngBasic.Sample4" name="testCase1" time="0.012"/>
  <testcase classname="day8.testngBasic.Sample4" name="testCase1" time="0.001"/>
  <testcase classname="day8.testngBasic.Sample4" name="testCase1" time="0.008"/>
  <testcase classname="day8.testngBasic.Sample4" name="testCase4" time="0.008">
    <failure type="java.lang.ArithmeticException" message="/ by zero">
      <![CDATA[java.lang.ArithmeticException: / by zero
at day8.testngBasic.Sample4.testCase4(Sample4.java:22)
at java.base/java.util.ArrayList.forEach(ArrayList.java:1511)
... Removed 27 stack frames]]>
    </failure>
  </testcase> <!-- testCase4 -->
  <testcase classname="day8.testngBasic.Sample4" name="testCase5" time="0.0">
    <skipped/>
  </testcase> <!-- testCase5 -->
  <testcase classname="day8.testngBasic.Sample4" name="testCase6" time="0.004"/>
  <testcase classname="day8.testngBasic.Sample3" name="testCase1" time="0.002"/>
  <testcase classname="day8.testngBasic.Sample3" name="testCase2" time="0.003"/>
  <testcase classname="day8.testngBasic.Sample3" name="testCase3" time="0.001"/>
  <testcase classname="day8.testngBasic.Precondition" name="testCase1" time="0.002"/>
  <testcase classname="day8.testngBasic.Sample4" name="testCase3" time="0.0">
    <ignored/>
  </testcase> <!-- testCase3 -->
</testsuite> <!-- Test -->
