<?xml version="1.0" encoding="UTF-8"?>
<!-- Generated by org.testng.reporters.JUnitXMLReporter -->
<testsuite ignored="1" hostname="DESKTOP-LLLGMOJ" failures="2" tests="29" name="Test" time="113.614" errors="0" timestamp="2024-10-27T07:47:27 IST">
  <testcase classname="day8.testngBasic.Example2" name="testActitimeCheckBox" time="10.059">
    <skipped/>
  </testcase> <!-- testActitimeCheckBox -->
  <testcase classname="day8.testngBasic.Example2" name="testActitimeCheckBox" time="10.006">
    <skipped/>
  </testcase> <!-- testActitimeCheckBox -->
  <testcase classname="day8.testngBasic.Example2" name="testActitimeCheckBox" time="7.521"/>
  <testcase classname="day8.testngBasic.Example2" name="testActitimeLoginUsernameField" time="7.337"/>
  <testcase classname="day8.testngBasic.Example2" name="testActitimeLoginWithAssert" time="7.892">
    <skipped/>
  </testcase> <!-- testActitimeLoginWithAssert -->
  <testcase classname="day8.testngBasic.Example2" name="testActitimeLoginWithAssert" time="10.133">
    <skipped/>
  </testcase> <!-- testActitimeLoginWithAssert -->
  <testcase classname="day8.testngBasic.Example2" name="testActitimeLoginWithAssert" time="12.39">
    <failure type="java.lang.AssertionError" message="Login failed due to page title changed or invalid user expected [actiTIME - Enter Time-Track] but found [actiTIME - Login]">
      <![CDATA[java.lang.AssertionError: Login failed due to page title changed or invalid user expected [actiTIME - Enter Time-Track] but found [actiTIME - Login]
at day8.testngBasic.Example2.testActitimeLoginWithAssert(Example2.java:32)
at java.base/java.util.ArrayList.forEach(ArrayList.java:1511)
... Removed 32 stack frames]]>
    </failure>
  </testcase> <!-- testActitimeLoginWithAssert -->
  <testcase classname="day8.testngBasic.Example2" name="testActitimeLoginWithAssert2" time="20.116"/>
  <testcase classname="day8.testngBasic.Example2" name="testActitimeLoginWithoutAssert" time="14.744"/>
  <testcase classname="day8.testngBasic.Example1" name="testGoogle" time="12.947"/>
  <testcase classname="day8.testngBasic.Sample2" name="testCase1" time="0.003"/>
  <testcase classname="day8.testngBasic.Sample2" name="testCase2" time="0.003"/>
  <testcase classname="day8.testngBasic.Sample2" name="testCase3" time="0.001"/>
  <testcase classname="day8.testngBasic.Sample1" name="testCase1" time="0.003"/>
  <testcase classname="day8.testngBasic.Sample4" name="testCase2" time="0.004"/>
  <testcase classname="day8.testngBasic.Sample4" name="testCase1" time="0.004"/>
  <testcase classname="day8.testngBasic.Sample4" name="testCase1" time="0.001"/>
  <testcase classname="day8.testngBasic.Sample4" name="testCase1" time="0.001"/>
  <testcase classname="day8.testngBasic.Sample4" name="testCase1" time="0.003"/>
  <testcase classname="day8.testngBasic.Sample4" name="testCase1" time="0.014"/>
  <testcase classname="day8.testngBasic.Sample4" name="testCase4" time="0.001">
    <skipped/>
  </testcase> <!-- testCase4 -->
  <testcase classname="day8.testngBasic.Sample4" name="testCase4" time="0.001">
    <skipped/>
  </testcase> <!-- testCase4 -->
  <testcase classname="day8.testngBasic.Sample4" name="testCase4" time="0.011">
    <failure type="java.lang.ArithmeticException" message="/ by zero">
      <![CDATA[java.lang.ArithmeticException: / by zero
at day8.testngBasic.Sample4.testCase4(Sample4.java:22)
at java.base/java.util.ArrayList.forEach(ArrayList.java:1511)
... Removed 27 stack frames]]>
    </failure>
  </testcase> <!-- testCase4 -->
  <testcase classname="day8.testngBasic.Sample4" name="testCase5" time="0.001">
    <skipped/>
  </testcase> <!-- testCase5 -->
  <testcase classname="day8.testngBasic.Sample4" name="testCase6" time="0.002"/>
  <testcase classname="day8.testngBasic.Sample3" name="testCase1" time="0.009"/>
  <testcase classname="day8.testngBasic.Sample3" name="testCase2" time="0.002"/>
  <testcase classname="day8.testngBasic.Sample3" name="testCase3" time="0.002"/>
  <testcase classname="day8.testngBasic.Precondition" name="testCase1" time="0.001"/>
  <testcase classname="day8.testngBasic.Sample4" name="testCase3" time="0.0">
    <ignored/>
  </testcase> <!-- testCase3 -->
</testsuite> <!-- Test -->
