<?xml version="1.0" encoding="UTF-8"?>
<testng-results ignored="0" total="3" passed="3" failed="0" skipped="0">
  <reporter-output>
  </reporter-output>
  <suite started-at="2024-11-10T08:16:03 IST" name="Suite" finished-at="2024-11-10T08:16:22 IST" duration-ms="19813">
    <groups>
      <group name="cucumber">
        <method signature="AbstractTestNGCucumberTests.runScenario(io.cucumber.testng.PickleWrapper,io.cucumber.testng.FeatureWrapper)[pri:0, instance:runner.TestRunner@37654521]" name="runScenario" class="io.cucumber.testng.AbstractTestNGCucumberTests"/>
      </group> <!-- cucumber -->
    </groups>
    <test started-at="2024-11-10T08:16:03 IST" name="TestOrangeHRMPIM" finished-at="2024-11-10T08:16:22 IST" duration-ms="19813">
      <class name="runner.TestRunner">
        <test-method is-config="true" signature="setUpClass()[pri:0, instance:runner.TestRunner@37654521]" started-at="2024-11-10T08:16:03 IST" name="setUpClass" finished-at="2024-11-10T08:16:04 IST" duration-ms="1039" status="PASS">
          <reporter-output>
          </reporter-output>
        </test-method> <!-- setUpClass -->
        <test-method signature="runScenario(io.cucumber.testng.PickleWrapper,io.cucumber.testng.FeatureWrapper)[pri:0, instance:runner.TestRunner@37654521]" started-at="2024-11-10T08:16:04 IST" name="runScenario" description="Runs Cucumber Scenarios" data-provider="scenarios" finished-at="2024-11-10T08:16:10 IST" duration-ms="6287" status="PASS">
          <params>
            <param index="0">
              <value>
                <![CDATA["Validate suggestion count in google search"]]>
              </value>
            </param>
            <param index="1">
              <value>
                <![CDATA["Optional[Testing Google search functionality]"]]>
              </value>
            </param>
          </params>
          <reporter-output>
          </reporter-output>
        </test-method> <!-- runScenario -->
        <test-method signature="runScenario(io.cucumber.testng.PickleWrapper,io.cucumber.testng.FeatureWrapper)[pri:0, instance:runner.TestRunner@37654521]" started-at="2024-11-10T08:16:10 IST" name="runScenario" description="Runs Cucumber Scenarios" data-provider="scenarios" finished-at="2024-11-10T08:16:12 IST" duration-ms="2226" status="PASS">
          <params>
            <param index="0">
              <value>
                <![CDATA["Validate suggestion selection in google"]]>
              </value>
            </param>
            <param index="1">
              <value>
                <![CDATA["Optional[Testing Google search functionality]"]]>
              </value>
            </param>
          </params>
          <reporter-output>
          </reporter-output>
        </test-method> <!-- runScenario -->
        <test-method signature="runScenario(io.cucumber.testng.PickleWrapper,io.cucumber.testng.FeatureWrapper)[pri:0, instance:runner.TestRunner@37654521]" started-at="2024-11-10T08:16:12 IST" name="runScenario" description="Runs Cucumber Scenarios" data-provider="scenarios" finished-at="2024-11-10T08:16:20 IST" duration-ms="7908" status="PASS">
          <params>
            <param index="0">
              <value>
                <![CDATA["Validate Login with valid test data in OrangeHRM"]]>
              </value>
            </param>
            <param index="1">
              <value>
                <![CDATA["Optional[Test Feature file is created to validate login functionality of OrangeHRM]"]]>
              </value>
            </param>
          </params>
          <reporter-output>
          </reporter-output>
        </test-method> <!-- runScenario -->
        <test-method is-config="true" signature="tearDownClass()[pri:0, instance:runner.TestRunner@37654521]" started-at="2024-11-10T08:16:20 IST" name="tearDownClass" finished-at="2024-11-10T08:16:22 IST" duration-ms="2256" status="PASS">
          <reporter-output>
          </reporter-output>
        </test-method> <!-- tearDownClass -->
      </class> <!-- runner.TestRunner -->
    </test> <!-- TestOrangeHRMPIM -->
  </suite> <!-- Suite -->
</testng-results>
