<?xml version="1.0" encoding="UTF-8"?>
<!-- Generated by org.testng.reporters.JUnitXMLReporter -->
<testsuite ignored="0" hostname="DESKTOP-LLLGMOJ" failures="0" tests="3" name="Default test" time="17.589" errors="0" timestamp="2024-10-27T08:54:40 IST">
  <testcase classname="com.google.testscripts.GoogeTest" name="testGoogleSearchPage" time="0.025"/>
  <testcase classname="com.google.testscripts.GoogeTest" name="testGoogleSuggestionCount" time="1.788"/>
  <testcase classname="com.google.testscripts.GoogeTest" name="testSuggestionSelection" time="4.314"/>
</testsuite> <!-- Default test -->
