<?xml version="1.0" encoding="UTF-8"?>
<!-- Generated by org.testng.reporters.JUnitXMLReporter -->
<testsuite ignored="0" hostname="DESKTOP-LLLGMOJ" failures="0" tests="3" name="Default test" time="16.056" errors="0" timestamp="2024-10-26T08:17:06 IST">
  <testcase classname="day11.advancetestng.DataProviderExample2" name="testGoogleSearch" time="5.795"/>
  <testcase classname="day11.advancetestng.DataProviderExample2" name="testGoogleSearch" time="4.499"/>
  <testcase classname="day11.advancetestng.DataProviderExample2" name="testGoogleSearch" time="5.644"/>
</testsuite> <!-- Default test -->
