<?xml version="1.0" encoding="UTF-8"?>
<!-- Generated by org.testng.reporters.JUnitXMLReporter -->
<testsuite ignored="0" hostname="DESKTOP-LLLGMOJ" failures="0" tests="3" name="Default test" time="0.204" errors="0" timestamp="2024-10-20T17:03:51 IST">
  <testcase classname="day8.testngBasic.NewTest" name="testcase1" time="0.017"/>
  <testcase classname="day8.testngBasic.NewTest" name="testcase2" time="0.004"/>
  <testcase classname="day8.testngBasic.NewTest" name="testcase3" time="0.008"/>
</testsuite> <!-- Default test -->
