<?xml version="1.0" encoding="UTF-8"?>
<testng-results ignored="0" total="3" passed="3" failed="0" skipped="0">
  <reporter-output>
  </reporter-output>
  <suite started-at="2024-11-10T08:11:53 IST" name="Suite" finished-at="2024-11-10T08:12:13 IST" duration-ms="19951">
    <groups>
      <group name="cucumber">
        <method signature="AbstractTestNGCucumberTests.runScenario(io.cucumber.testng.PickleWrapper,io.cucumber.testng.FeatureWrapper)[pri:0, instance:runner.TestRunner@35dab4eb]" name="runScenario" class="io.cucumber.testng.AbstractTestNGCucumberTests"/>
      </group> <!-- cucumber -->
    </groups>
    <test started-at="2024-11-10T08:11:53 IST" name="TestOrangeHRMPIM" finished-at="2024-11-10T08:12:13 IST" duration-ms="19951">
      <class name="runner.TestRunner">
        <test-method is-config="true" signature="setUpClass()[pri:0, instance:runner.TestRunner@35dab4eb]" started-at="2024-11-10T08:11:53 IST" name="setUpClass" finished-at="2024-11-10T08:11:54 IST" duration-ms="953" status="PASS">
          <reporter-output>
          </reporter-output>
        </test-method> <!-- setUpClass -->
        <test-method signature="runScenario(io.cucumber.testng.PickleWrapper,io.cucumber.testng.FeatureWrapper)[pri:0, instance:runner.TestRunner@35dab4eb]" started-at="2024-11-10T08:11:54 IST" name="runScenario" description="Runs Cucumber Scenarios" data-provider="scenarios" finished-at="2024-11-10T08:12:00 IST" duration-ms="6455" status="PASS">
          <params>
            <param index="0">
              <value>
                <![CDATA["Validate suggestion count in google search"]]>
              </value>
            </param>
            <param index="1">
              <value>
                <![CDATA["Optional[Testing Google search functionality]"]]>
              </value>
            </param>
          </params>
          <reporter-output>
          </reporter-output>
        </test-method> <!-- runScenario -->
        <test-method signature="runScenario(io.cucumber.testng.PickleWrapper,io.cucumber.testng.FeatureWrapper)[pri:0, instance:runner.TestRunner@35dab4eb]" started-at="2024-11-10T08:12:01 IST" name="runScenario" description="Runs Cucumber Scenarios" data-provider="scenarios" finished-at="2024-11-10T08:12:03 IST" duration-ms="2611" status="PASS">
          <params>
            <param index="0">
              <value>
                <![CDATA["Validate suggestion selection in google"]]>
              </value>
            </param>
            <param index="1">
              <value>
                <![CDATA["Optional[Testing Google search functionality]"]]>
              </value>
            </param>
          </params>
          <reporter-output>
          </reporter-output>
        </test-method> <!-- runScenario -->
        <test-method signature="runScenario(io.cucumber.testng.PickleWrapper,io.cucumber.testng.FeatureWrapper)[pri:0, instance:runner.TestRunner@35dab4eb]" started-at="2024-11-10T08:12:03 IST" name="runScenario" description="Runs Cucumber Scenarios" data-provider="scenarios" finished-at="2024-11-10T08:12:11 IST" duration-ms="7595" status="PASS">
          <params>
            <param index="0">
              <value>
                <![CDATA["Validate Login with valid test data in OrangeHRM"]]>
              </value>
            </param>
            <param index="1">
              <value>
                <![CDATA["Optional[Test Feature file is created to validate login functionality of OrangeHRM]"]]>
              </value>
            </param>
          </params>
          <reporter-output>
          </reporter-output>
        </test-method> <!-- runScenario -->
        <test-method is-config="true" signature="tearDownClass()[pri:0, instance:runner.TestRunner@35dab4eb]" started-at="2024-11-10T08:12:11 IST" name="tearDownClass" finished-at="2024-11-10T08:12:13 IST" duration-ms="2199" status="PASS">
          <reporter-output>
          </reporter-output>
        </test-method> <!-- tearDownClass -->
      </class> <!-- runner.TestRunner -->
    </test> <!-- TestOrangeHRMPIM -->
  </suite> <!-- Suite -->
</testng-results>
