<?xml version="1.0" encoding="UTF-8"?>
<!-- Generated by org.testng.reporters.JUnitXMLReporter -->
<testsuite ignored="0" hostname="DESKTOP-LLLGMOJ" failures="0" tests="4" name="Test" time="10.702" errors="0" timestamp="2024-11-02T21:15:24 IST">
  <testcase classname="api.testcases.TestUserFlowWithPojo" name="testUserCreation" time="4.973"/>
  <testcase classname="api.testcases.TestUserFlowWithPojo" name="testCreatedUser" time="1.223"/>
  <testcase classname="api.testcases.TestUserFlowWithPojo" name="testUserUpdate" time="2.286"/>
  <testcase classname="api.testcases.TestUserFlowWithPojo" name="testUserDeletion" time="1.145"/>
</testsuite> <!-- Test -->
