<?xml version="1.0" encoding="UTF-8"?>
<!-- Generated by org.testng.reporters.JUnitXMLReporter -->
<testsuite ignored="5" hostname="DESKTOP-LLLGMOJ" failures="2" tests="6" name="Test(failed)" time="35.224" errors="0" timestamp="2024-10-27T07:30:13 IST">
  <testcase classname="day8.testngBasic.Example2" name="testActitimeCheckBox" time="8.417"/>
  <testcase classname="day8.testngBasic.Example2" name="testActitimeLoginUsernameField" time="6.514"/>
  <testcase classname="day8.testngBasic.Example2" name="testActitimeLoginWithAssert" time="7.117">
    <failure type="java.lang.AssertionError" message="Login failed due to page title changed or invalid user expected [actiTIME - Enter Time-Track] but found [actiTIME - Login]">
      <![CDATA[java.lang.AssertionError: Login failed due to page title changed or invalid user expected [actiTIME - Enter Time-Track] but found [actiTIME - Login]
at day8.testngBasic.Example2.testActitimeLoginWithAssert(Example2.java:32)
at java.base/java.util.ArrayList.forEach(ArrayList.java:1511)
... Removed 32 stack frames]]>
    </failure>
  </testcase> <!-- testActitimeLoginWithAssert -->
  <testcase classname="day8.testngBasic.Example2" name="testActitimeLoginWithoutAssert" time="13.027"/>
  <testcase classname="day8.testngBasic.Sample4" name="testCase4" time="0.002">
    <failure type="java.lang.ArithmeticException" message="/ by zero">
      <![CDATA[java.lang.ArithmeticException: / by zero
at day8.testngBasic.Sample4.testCase4(Sample4.java:22)
at java.base/java.util.ArrayList.forEach(ArrayList.java:1511)
... Removed 27 stack frames]]>
    </failure>
  </testcase> <!-- testCase4 -->
  <testcase classname="day8.testngBasic.Sample4" name="testCase5" time="0.0">
    <skipped/>
  </testcase> <!-- testCase5 -->
  <testcase classname="day8.testngBasic.Sample4" name="testCase1" time="0.0">
    <ignored/>
  </testcase> <!-- testCase1 -->
  <testcase classname="day8.testngBasic.Sample4" name="testCase2" time="0.0">
    <ignored/>
  </testcase> <!-- testCase2 -->
  <testcase classname="day8.testngBasic.Sample4" name="testCase3" time="0.0">
    <ignored/>
  </testcase> <!-- testCase3 -->
  <testcase classname="day8.testngBasic.Example2" name="testActitimeLoginWithAssert2" time="0.0">
    <ignored/>
  </testcase> <!-- testActitimeLoginWithAssert2 -->
  <testcase classname="day8.testngBasic.Sample4" name="testCase6" time="0.0">
    <ignored/>
  </testcase> <!-- testCase6 -->
</testsuite> <!-- Test(failed) -->
