<?xml version="1.0" encoding="UTF-8"?>
<!-- Generated by org.testng.reporters.JUnitXMLReporter -->
<testsuite ignored="2" hostname="DESKTOP-LLLGMOJ" failures="0" tests="2" name="Testing Parameterization" time="9.574" errors="0" timestamp="2024-10-26T08:10:42 IST">
  <testcase classname="day11.advancetestng.Parameterization" name="testCaseOne" time="0.012"/>
  <testcase classname="day11.advancetestng.Parameterization" name="testLoginOfVtiger" time="9.454"/>
  <testcase classname="day11.advancetestng.Parameterization" name="testCaseThree" time="0.0">
    <ignored/>
  </testcase> <!-- testCaseThree -->
  <testcase classname="day11.advancetestng.Parameterization" name="testCaseTwo" time="0.0">
    <ignored/>
  </testcase> <!-- testCaseTwo -->
</testsuite> <!-- Testing Parameterization -->
