<?xml version="1.0" encoding="UTF-8"?>
<!-- Generated by org.testng.reporters.JUnitXMLReporter -->
<testsuite ignored="2" hostname="DESKTOP-LLLGMOJ" failures="0" tests="1" name="Default test" time="3.875" errors="0" timestamp="2025-01-25T19:36:42 IST">
  <testcase classname="day2.jsonAndSerializationPojo.Example2" name="deleteOps" time="3.747"/>
  <testcase classname="day2.jsonAndSerializationPojo.Example2" name="getUserDetails" time="0.0">
    <ignored/>
  </testcase> <!-- getUserDetails -->
  <testcase classname="day2.jsonAndSerializationPojo.Example2" name="updateUserDetails" time="0.0">
    <ignored/>
  </testcase> <!-- updateUserDetails -->
</testsuite> <!-- Default test -->
