<?xml version="1.0" encoding="UTF-8"?>
<testng-results ignored="0" total="1" passed="1" failed="0" skipped="0">
  <reporter-output>
  </reporter-output>
  <suite started-at="2025-01-24T21:19:59 IST" name="Default suite" finished-at="2025-01-24T21:19:59 IST" duration-ms="129">
    <groups>
    </groups>
    <test started-at="2025-01-24T21:19:59 IST" name="Default test" finished-at="2025-01-24T21:19:59 IST" duration-ms="129">
      <class name="day1.jsonexamples.Example3">
        <test-method signature="readJsonFileData()[pri:0, instance:day1.jsonexamples.Example3@1fb700ee]" started-at="2025-01-24T21:19:59 IST" name="readJsonFileData" finished-at="2025-01-24T21:19:59 IST" duration-ms="18" status="PASS">
          <reporter-output>
          </reporter-output>
        </test-method> <!-- readJsonFileData -->
      </class> <!-- day1.jsonexamples.Example3 -->
    </test> <!-- Default test -->
  </suite> <!-- Default suite -->
</testng-results>
