<?xml version="1.0" encoding="UTF-8"?>
<testng-results ignored="0" total="1" passed="1" failed="0" skipped="0">
  <reporter-output>
  </reporter-output>
  <suite started-at="2025-01-25T19:36:38 IST" name="Default suite" finished-at="2025-01-25T19:36:42 IST" duration-ms="3875">
    <groups>
    </groups>
    <test started-at="2025-01-25T19:36:38 IST" name="Default test" finished-at="2025-01-25T19:36:42 IST" duration-ms="3875">
      <class name="day2.jsonAndSerializationPojo.Example2">
        <test-method signature="deleteOps()[pri:0, instance:day2.jsonAndSerializationPojo.Example2@1fb700ee]" started-at="2025-01-25T19:36:38 IST" name="deleteOps" finished-at="2025-01-25T19:36:41 IST" duration-ms="3747" status="PASS">
          <reporter-output>
          </reporter-output>
        </test-method> <!-- deleteOps -->
      </class> <!-- day2.jsonAndSerializationPojo.Example2 -->
    </test> <!-- Default test -->
  </suite> <!-- Default suite -->
</testng-results>
